Determining if the pthread_create exist failed with the following output:
Change Dir: /home/libo/Documents/c++/Mesh_viewer/thirdpart/glfw-3.3/build/CMakeFiles/CMakeTmp

Run Build Command:"/usr/bin/make" "cmTC_857cd/fast"
/usr/bin/make -f CMakeFiles/cmTC_857cd.dir/build.make CMakeFiles/cmTC_857cd.dir/build
make[1]: Entering directory '/home/libo/Documents/c++/Mesh_viewer/thirdpart/glfw-3.3/build/CMakeFiles/CMakeTmp'
Building C object CMakeFiles/cmTC_857cd.dir/CheckSymbolExists.c.o
/usr/bin/cc    -o CMakeFiles/cmTC_857cd.dir/CheckSymbolExists.c.o   -c /home/libo/Documents/c++/Mesh_viewer/thirdpart/glfw-3.3/build/CMakeFiles/CMakeTmp/CheckSymbolExists.c
Linking C executable cmTC_857cd
/usr/bin/cmake -E cmake_link_script CMakeFiles/cmTC_857cd.dir/link.txt --verbose=1
/usr/bin/cc      -rdynamic CMakeFiles/cmTC_857cd.dir/CheckSymbolExists.c.o  -o cmTC_857cd 
/usr/bin/ld: CMakeFiles/cmTC_857cd.dir/CheckSymbolExists.c.o: in function `main':
CheckSymbolExists.c:(.text+0x1f): undefined reference to `pthread_create'
collect2: error: ld returned 1 exit status
make[1]: *** [CMakeFiles/cmTC_857cd.dir/build.make:87: cmTC_857cd] Error 1
make[1]: Leaving directory '/home/libo/Documents/c++/Mesh_viewer/thirdpart/glfw-3.3/build/CMakeFiles/CMakeTmp'
make: *** [Makefile:121: cmTC_857cd/fast] Error 2

File /home/libo/Documents/c++/Mesh_viewer/thirdpart/glfw-3.3/build/CMakeFiles/CMakeTmp/CheckSymbolExists.c:
/* */
#include <pthread.h>

int main(int argc, char** argv)
{
  (void)argv;
#ifndef pthread_create
  return ((int*)(&pthread_create))[argc];
#else
  (void)argc;
  return 0;
#endif
}

Determining if the function pthread_create exists in the pthreads failed with the following output:
Change Dir: /home/libo/Documents/c++/Mesh_viewer/thirdpart/glfw-3.3/build/CMakeFiles/CMakeTmp

Run Build Command:"/usr/bin/make" "cmTC_efd3b/fast"
/usr/bin/make -f CMakeFiles/cmTC_efd3b.dir/build.make CMakeFiles/cmTC_efd3b.dir/build
make[1]: Entering directory '/home/libo/Documents/c++/Mesh_viewer/thirdpart/glfw-3.3/build/CMakeFiles/CMakeTmp'
Building C object CMakeFiles/cmTC_efd3b.dir/CheckFunctionExists.c.o
/usr/bin/cc   -DCHECK_FUNCTION_EXISTS=pthread_create   -o CMakeFiles/cmTC_efd3b.dir/CheckFunctionExists.c.o   -c /usr/share/cmake-3.13/Modules/CheckFunctionExists.c
Linking C executable cmTC_efd3b
/usr/bin/cmake -E cmake_link_script CMakeFiles/cmTC_efd3b.dir/link.txt --verbose=1
/usr/bin/cc  -DCHECK_FUNCTION_EXISTS=pthread_create    -rdynamic CMakeFiles/cmTC_efd3b.dir/CheckFunctionExists.c.o  -o cmTC_efd3b -lpthreads 
/usr/bin/ld: cannot find -lpthreads
collect2: error: ld returned 1 exit status
make[1]: *** [CMakeFiles/cmTC_efd3b.dir/build.make:87: cmTC_efd3b] Error 1
make[1]: Leaving directory '/home/libo/Documents/c++/Mesh_viewer/thirdpart/glfw-3.3/build/CMakeFiles/CMakeTmp'
make: *** [Makefile:121: cmTC_efd3b/fast] Error 2


